19:08:15.918 [main] INFO  testCases.TC_AccountRegistrationTest - clicked on register link
19:08:16.168 [main] INFO  testCases.TC_AccountRegistrationTest - providing customer info
19:08:22.846 [main] INFO  testCases.TC_AccountRegistrationTest - validating expected message
19:08:23.019 [main] INFO  testCases.TC_AccountRegistrationTest - *********** Finished TC_AccountRegistrationTest ************
19:08:40.320 [main] INFO  testCases.TC002_LoginTest - ***********Starting login test********
17:29:21.144 [main] DEBUG org.testng.TestNG - suiteXmlPath: "C:\Users\pc\eclipse-workspace\OpenCartV001\testng.xml"
17:30:53.778 [main] DEBUG org.testng.TestNG - suiteXmlPath: "C:\Users\pc\eclipse-workspace\OpenCartV001\testng.xml"
17:31:35.041 [main] INFO  testCases.TC_AccountRegistrationTest - *********** Starting TC_AccountRegistrationTest ************
17:31:35.216 [main] INFO  testCases.TC_AccountRegistrationTest - clicked on my account link
17:31:36.973 [main] INFO  testCases.TC_AccountRegistrationTest - clicked on register link
17:31:36.998 [main] INFO  testCases.TC_AccountRegistrationTest - providing customer info
17:31:38.837 [main] INFO  testCases.TC_AccountRegistrationTest - validating expected message
17:31:38.886 [main] INFO  testCases.TC_AccountRegistrationTest - *********** Finished TC_AccountRegistrationTest ************
17:31:57.251 [main] INFO  testCases.TC002_LoginTest - ***********Starting login test********
18:05:19.428 [main] DEBUG org.testng.TestNG - suiteXmlPath: "C:\Users\pc\eclipse-workspace\OpenCartV001\testng.xml"
18:05:39.338 [main] INFO  testCases.TC_AccountRegistrationTest - *********** Starting TC_AccountRegistrationTest ************
18:05:39.505 [main] INFO  testCases.TC_AccountRegistrationTest - clicked on my account link
18:05:41.369 [main] INFO  testCases.TC_AccountRegistrationTest - clicked on register link
18:05:41.379 [main] INFO  testCases.TC_AccountRegistrationTest - providing customer info
18:05:43.333 [main] INFO  testCases.TC_AccountRegistrationTest - validating expected message
18:05:43.392 [main] INFO  testCases.TC_AccountRegistrationTest - *********** Finished TC_AccountRegistrationTest ************
18:06:05.194 [main] INFO  testCases.TC002_LoginTest - ***********Starting login test********
